{"meta": {"format": 3, "version": "7.13.0", "timestamp": "2025-12-09T17:53:50.330554", "branch_coverage": false, "show_contexts": false}, "files": {"app/__init__.py": {"executed_lines": [1, 4], "summary": {"covered_lines": 1, "num_statements": 1, "percent_covered": 100.0, "percent_covered_display": "100", "missing_lines": 0, "excluded_lines": 0, "percent_statements_covered": 100.0, "percent_statements_covered_display": "100"}, "missing_lines": [], "excluded_lines": [], "functions": {"": {"executed_lines": [1, 4], "summary": {"covered_lines": 1, "num_statements": 1, "percent_covered": 100.0, "percent_covered_display": "100", "missing_lines": 0, "excluded_lines": 0, "percent_statements_covered": 100.0, "percent_statements_covered_display": "100"}, "missing_lines": [], "excluded_lines": []}}, "classes": {"": {"executed_lines": [1, 4], "summary": {"covered_lines": 1, "num_statements": 1, "percent_covered": 100.0, "percent_covered_display": "100", "missing_lines": 0, "excluded_lines": 0, "percent_statements_covered": 100.0, "percent_statements_covered_display": "100"}, "missing_lines": [], "excluded_lines": []}}}, "app/core/__init__.py": {"executed_lines": [1, 4, 5, 6, 8], "summary": {"covered_lines": 4, "num_statements": 4, "percent_covered": 100.0, "percent_covered_display": "100", "missing_lines": 0, "excluded_lines": 0, "percent_statements_covered": 100.0, "percent_statements_covered_display": "100"}, "missing_lines": [], "excluded_lines": [], "functions": {"": {"executed_lines": [1, 4, 5, 6, 8], "summary": {"covered_lines": 4, "num_statements": 4, "percent_covered": 100.0, "percent_covered_display": "100", "missing_lines": 0, "excluded_lines": 0, "percent_statements_covered": 100.0, "percent_statements_covered_display": "100"}, "missing_lines": [], "excluded_lines": []}}, "classes": {"": {"executed_lines": [1, 4, 5, 6, 8], "summary": {"covered_lines": 4, "num_statements": 4, "percent_covered": 100.0, "percent_covered_display": "100", "missing_lines": 0, "excluded_lines": 0, "percent_statements_covered": 100.0, "percent_statements_covered_display": "100"}, "missing_lines": [], "excluded_lines": []}}}, "app/core/auth.py": {"executed_lines": [1, 2, 3, 4, 5, 6, 7, 8, 9, 11, 12, 14, 17, 21, 25, 36, 39, 40, 42, 43, 45, 48, 52, 64, 71, 79, 87], "summary": {"covered_lines": 27, "num_statements": 58, "percent_covered": 46.55172413793103, "percent_covered_display": "47", "missing_lines": 31, "excluded_lines": 0, "percent_statements_covered": 46.55172413793103, "percent_statements_covered_display": "47"}, "missing_lines": [18, 22, 49, 53, 54, 55, 56, 57, 58, 59, 60, 61, 65, 66, 67, 68, 72, 73, 74, 75, 76, 80, 81, 82, 83, 84, 88, 89, 90, 91, 92], "excluded_lines": [], "functions": {"verify_password": {"executed_lines": [], "summary": {"covered_lines": 0, "num_statements": 1, "percent_covered": 0.0, "percent_covered_display": "0", "missing_lines": 1, "excluded_lines": 0, "percent_statements_covered": 0.0, "percent_statements_covered_display": "0"}, "missing_lines": [18], "excluded_lines": []}, "get_password_hash": {"executed_lines": [], "summary": {"covered_lines": 0, "num_statements": 1, "percent_covered": 0.0, "percent_covered_display": "0", "missing_lines": 1, "excluded_lines": 0, "percent_statements_covered": 0.0, "percent_statements_covered_display": "0"}, "missing_lines": [22], "excluded_lines": []}, "create_access_token": {"executed_lines": [36, 39, 40, 42, 43, 45], "summary": {"covered_lines": 6, "num_statements": 6, "percent_covered": 100.0, "percent_covered_display": "100", "missing_lines": 0, "excluded_lines": 0, "percent_statements_covered": 100.0, "percent_statements_covered_display": "100"}, "missing_lines": [], "excluded_lines": []}, "generate_mfa_secret": {"executed_lines": [], "summary": {"covered_lines": 0, "num_statements": 1, "percent_covered": 0.0, "percent_covered_display": "0", "missing_lines": 1, "excluded_lines": 0, "percent_statements_covered": 0.0, "percent_statements_covered_display": "0"}, "missing_lines": [49], "excluded_lines": []}, "generate_qr_code": {"executed_lines": [], "summary": {"covered_lines": 0, "num_statements": 9, "percent_covered": 0.0, "percent_covered_display": "0", "missing_lines": 9, "excluded_lines": 0, "percent_statements_covered": 0.0, "percent_statements_covered_display": "0"}, "missing_lines": [53, 54, 55, 56, 57, 58, 59, 60, 61], "excluded_lines": []}, "verify_totp": {"executed_lines": [], "summary": {"covered_lines": 0, "num_statements": 4, "percent_covered": 0.0, "percent_covered_display": "0", "missing_lines": 4, "excluded_lines": 0, "percent_statements_covered": 0.0, "percent_statements_covered_display": "0"}, "missing_lines": [65, 66, 67, 68], "excluded_lines": []}, "generate_backup_codes": {"executed_lines": [], "summary": {"covered_lines": 0, "num_statements": 5, "percent_covered": 0.0, "percent_covered_display": "0", "missing_lines": 5, "excluded_lines": 0, "percent_statements_covered": 0.0, "percent_statements_covered_display": "0"}, "missing_lines": [72, 73, 74, 75, 76], "excluded_lines": []}, "authenticate_user": {"executed_lines": [], "summary": {"covered_lines": 0, "num_statements": 5, "percent_covered": 0.0, "percent_covered_display": "0", "missing_lines": 5, "excluded_lines": 0, "percent_statements_covered": 0.0, "percent_statements_covered_display": "0"}, "missing_lines": [80, 81, 82, 83, 84], "excluded_lines": []}, "update_last_login": {"executed_lines": [], "summary": {"covered_lines": 0, "num_statements": 5, "percent_covered": 0.0, "percent_covered_display": "0", "missing_lines": 5, "excluded_lines": 0, "percent_statements_covered": 0.0, "percent_statements_covered_display": "0"}, "missing_lines": [88, 89, 90, 91, 92], "excluded_lines": []}, "": {"executed_lines": [1, 2, 3, 4, 5, 6, 7, 8, 9, 11, 12, 14, 17, 21, 25, 48, 52, 64, 71, 79, 87], "summary": {"covered_lines": 21, "num_statements": 21, "percent_covered": 100.0, "percent_covered_display": "100", "missing_lines": 0, "excluded_lines": 0, "percent_statements_covered": 100.0, "percent_statements_covered_display": "100"}, "missing_lines": [], "excluded_lines": []}}, "classes": {"": {"executed_lines": [1, 2, 3, 4, 5, 6, 7, 8, 9, 11, 12, 14, 17, 21, 25, 36, 39, 40, 42, 43, 45, 48, 52, 64, 71, 79, 87], "summary": {"covered_lines": 27, "num_statements": 58, "percent_covered": 46.55172413793103, "percent_covered_display": "47", "missing_lines": 31, "excluded_lines": 0, "percent_statements_covered": 46.55172413793103, "percent_statements_covered_display": "47"}, "missing_lines": [18, 22, 49, 53, 54, 55, 56, 57, 58, 59, 60, 61, 65, 66, 67, 68, 72, 73, 74, 75, 76, 80, 81, 82, 83, 84, 88, 89, 90, 91, 92], "excluded_lines": []}}}, "app/core/config.py": {"executed_lines": [1, 7, 8, 11, 14, 15, 22, 23, 24, 25, 28, 29, 30, 33, 36, 42, 43, 46, 47, 48, 51, 52, 55, 56, 59, 61, 74, 79, 87, 108, 115, 124, 125], "summary": {"covered_lines": 31, "num_statements": 48, "percent_covered": 64.58333333333333, "percent_covered_display": "65", "missing_lines": 17, "excluded_lines": 0, "percent_statements_covered": 64.58333333333333, "percent_statements_covered_display": "65"}, "missing_lines": [63, 88, 89, 94, 95, 100, 101, 102, 109, 110, 116, 117, 126, 128, 129, 132, 133], "excluded_lines": [], "functions": {"Settings.__repr__": {"executed_lines": [], "summary": {"covered_lines": 0, "num_statements": 1, "percent_covered": 0.0, "percent_covered_display": "0", "missing_lines": 1, "excluded_lines": 0, "percent_statements_covered": 0.0, "percent_statements_covered_display": "0"}, "missing_lines": [63], "excluded_lines": []}, "validate_settings": {"executed_lines": [87, 108, 115], "summary": {"covered_lines": 3, "num_statements": 14, "percent_covered": 21.428571428571427, "percent_covered_display": "21", "missing_lines": 11, "excluded_lines": 0, "percent_statements_covered": 21.428571428571427, "percent_statements_covered_display": "21"}, "missing_lines": [88, 89, 94, 95, 100, 101, 102, 109, 110, 116, 117], "excluded_lines": []}, "": {"executed_lines": [1, 7, 8, 11, 14, 15, 22, 23, 24, 25, 28, 29, 30, 33, 36, 42, 43, 46, 47, 48, 51, 52, 55, 56, 59, 61, 74, 79, 124, 125], "summary": {"covered_lines": 28, "num_statements": 33, "percent_covered": 84.84848484848484, "percent_covered_display": "85", "missing_lines": 5, "excluded_lines": 0, "percent_statements_covered": 84.84848484848484, "percent_statements_covered_display": "85"}, "missing_lines": [126, 128, 129, 132, 133], "excluded_lines": []}}, "classes": {"Settings": {"executed_lines": [], "summary": {"covered_lines": 0, "num_statements": 1, "percent_covered": 0.0, "percent_covered_display": "0", "missing_lines": 1, "excluded_lines": 0, "percent_statements_covered": 0.0, "percent_statements_covered_display": "0"}, "missing_lines": [63], "excluded_lines": []}, "": {"executed_lines": [1, 7, 8, 11, 14, 15, 22, 23, 24, 25, 28, 29, 30, 33, 36, 42, 43, 46, 47, 48, 51, 52, 55, 56, 59, 61, 74, 79, 87, 108, 115, 124, 125], "summary": {"covered_lines": 31, "num_statements": 47, "percent_covered": 65.95744680851064, "percent_covered_display": "66", "missing_lines": 16, "excluded_lines": 0, "percent_statements_covered": 65.95744680851064, "percent_statements_covered_display": "66"}, "missing_lines": [88, 89, 94, 95, 100, 101, 102, 109, 110, 116, 117, 126, 128, 129, 132, 133], "excluded_lines": []}}}, "app/core/csrf_protection.py": {"executed_lines": [1, 10, 11, 12, 13, 14, 15, 16, 18, 20, 25, 26, 27, 28, 29, 32, 47, 48, 52, 59, 61, 69, 72, 74, 75, 77, 99, 104, 105, 115, 124, 125, 126, 127, 128, 129, 131, 132, 134, 144, 146, 161, 191, 196, 197, 200, 201, 202, 211, 213, 260, 280, 303], "summary": {"covered_lines": 50, "num_statements": 107, "percent_covered": 46.728971962616825, "percent_covered_display": "47", "missing_lines": 57, "excluded_lines": 1, "percent_statements_covered": 46.728971962616825, "percent_statements_covered_display": "47"}, "missing_lines": [88, 90, 91, 92, 93, 94, 95, 156, 157, 158, 159, 177, 178, 179, 180, 183, 184, 185, 186, 188, 189, 216, 217, 218, 219, 222, 224, 225, 226, 231, 232, 233, 238, 241, 244, 245, 255, 271, 273, 274, 277, 291, 292, 293, 295, 296, 298, 321, 322, 323, 325, 326, 327, 332, 333, 334, 339], "excluded_lines": [304], "functions": {"CSRFTokenGenerator.__init__": {"executed_lines": [59], "summary": {"covered_lines": 1, "num_statements": 1, "percent_covered": 100.0, "percent_covered_display": "100", "missing_lines": 0, "excluded_lines": 0, "percent_statements_covered": 100.0, "percent_statements_covered_display": "100"}, "missing_lines": [], "excluded_lines": []}, "CSRFTokenGenerator.generate_token": {"executed_lines": [69, 72, 74, 75], "summary": {"covered_lines": 4, "num_statements": 4, "percent_covered": 100.0, "percent_covered_display": "100", "missing_lines": 0, "excluded_lines": 0, "percent_statements_covered": 100.0, "percent_statements_covered_display": "100"}, "missing_lines": [], "excluded_lines": []}, "CSRFTokenGenerator.validate_token": {"executed_lines": [], "summary": {"covered_lines": 0, "num_statements": 7, "percent_covered": 0.0, "percent_covered_display": "0", "missing_lines": 7, "excluded_lines": 0, "percent_statements_covered": 0.0, "percent_statements_covered_display": "0"}, "missing_lines": [88, 90, 91, 92, 93, 94, 95], "excluded_lines": []}, "CSRFProtectionMiddleware.__init__": {"executed_lines": [124, 125, 126, 127, 128, 129, 131, 132], "summary": {"covered_lines": 8, "num_statements": 8, "percent_covered": 100.0, "percent_covered_display": "100", "missing_lines": 0, "excluded_lines": 0, "percent_statements_covered": 100.0, "percent_statements_covered_display": "100"}, "missing_lines": [], "excluded_lines": []}, "CSRFProtectionMiddleware._is_safe_method": {"executed_lines": [144], "summary": {"covered_lines": 1, "num_statements": 1, "percent_covered": 100.0, "percent_covered_display": "100", "missing_lines": 0, "excluded_lines": 0, "percent_statements_covered": 100.0, "percent_statements_covered_display": "100"}, "missing_lines": [], "excluded_lines": []}, "CSRFProtectionMiddleware._is_exempt_route": {"executed_lines": [], "summary": {"covered_lines": 0, "num_statements": 4, "percent_covered": 0.0, "percent_covered_display": "0", "missing_lines": 4, "excluded_lines": 0, "percent_statements_covered": 0.0, "percent_statements_covered_display": "0"}, "missing_lines": [156, 157, 158, 159], "excluded_lines": []}, "CSRFProtectionMiddleware._get_token_from_request": {"executed_lines": [], "summary": {"covered_lines": 0, "num_statements": 10, "percent_covered": 0.0, "percent_covered_display": "0", "missing_lines": 10, "excluded_lines": 0, "percent_statements_covered": 0.0, "percent_statements_covered_display": "0"}, "missing_lines": [177, 178, 179, 180, 183, 184, 185, 186, 188, 189], "excluded_lines": []}, "CSRFProtectionMiddleware.dispatch": {"executed_lines": [196, 197, 200, 201, 202, 211, 213], "summary": {"covered_lines": 7, "num_statements": 23, "percent_covered": 30.434782608695652, "percent_covered_display": "30", "missing_lines": 16, "excluded_lines": 0, "percent_statements_covered": 30.434782608695652, "percent_statements_covered_display": "30"}, "missing_lines": [216, 217, 218, 219, 222, 224, 225, 226, 231, 232, 233, 238, 241, 244, 245, 255], "excluded_lines": []}, "get_csrf_token": {"executed_lines": [], "summary": {"covered_lines": 0, "num_statements": 4, "percent_covered": 0.0, "percent_covered_display": "0", "missing_lines": 4, "excluded_lines": 0, "percent_statements_covered": 0.0, "percent_statements_covered_display": "0"}, "missing_lines": [271, 273, 274, 277], "excluded_lines": []}, "validate_csrf_token": {"executed_lines": [], "summary": {"covered_lines": 0, "num_statements": 6, "percent_covered": 0.0, "percent_covered_display": "0", "missing_lines": 6, "excluded_lines": 0, "percent_statements_covered": 0.0, "percent_statements_covered_display": "0"}, "missing_lines": [291, 292, 293, 295, 296, 298], "excluded_lines": []}, "require_csrf_token": {"executed_lines": [], "summary": {"covered_lines": 0, "num_statements": 10, "percent_covered": 0.0, "percent_covered_display": "0", "missing_lines": 10, "excluded_lines": 1, "percent_statements_covered": 0.0, "percent_statements_covered_display": "0"}, "missing_lines": [321, 322, 323, 325, 326, 327, 332, 333, 334, 339], "excluded_lines": [304]}, "": {"executed_lines": [1, 10, 11, 12, 13, 14, 15, 16, 18, 20, 25, 26, 27, 28, 29, 32, 47, 48, 52, 61, 77, 99, 104, 105, 115, 134, 146, 161, 191, 260, 280, 303], "summary": {"covered_lines": 29, "num_statements": 29, "percent_covered": 100.0, "percent_covered_display": "100", "missing_lines": 0, "excluded_lines": 0, "percent_statements_covered": 100.0, "percent_statements_covered_display": "100"}, "missing_lines": [], "excluded_lines": []}}, "classes": {"CSRFTokenGenerator": {"executed_lines": [59, 69, 72, 74, 75], "summary": {"covered_lines": 5, "num_statements": 12, "percent_covered": 41.666666666666664, "percent_covered_display": "42", "missing_lines": 7, "excluded_lines": 0, "percent_statements_covered": 41.666666666666664, "percent_statements_covered_display": "42"}, "missing_lines": [88, 90, 91, 92, 93, 94, 95], "excluded_lines": []}, "CSRFProtectionMiddleware": {"executed_lines": [124, 125, 126, 127, 128, 129, 131, 132, 144, 196, 197, 200, 201, 202, 211, 213], "summary": {"covered_lines": 16, "num_statements": 46, "percent_covered": 34.78260869565217, "percent_covered_display": "35", "missing_lines": 30, "excluded_lines": 0, "percent_statements_covered": 34.78260869565217, "percent_statements_covered_display": "35"}, "missing_lines": [156, 157, 158, 159, 177, 178, 179, 180, 183, 184, 185, 186, 188, 189, 216, 217, 218, 219, 222, 224, 225, 226, 231, 232, 233, 238, 241, 244, 245, 255], "excluded_lines": []}, "": {"executed_lines": [1, 10, 11, 12, 13, 14, 15, 16, 18, 20, 25, 26, 27, 28, 29, 32, 47, 48, 52, 61, 77, 99, 104, 105, 115, 134, 146, 161, 191, 260, 280, 303], "summary": {"covered_lines": 29, "num_statements": 49, "percent_covered": 59.183673469387756, "percent_covered_display": "59", "missing_lines": 20, "excluded_lines": 1, "percent_statements_covered": 59.183673469387756, "percent_statements_covered_display": "59"}, "missing_lines": [271, 273, 274, 277, 291, 292, 293, 295, 296, 298, 321, 322, 323, 325, 326, 327, 332, 333, 334, 339], "excluded_lines": [304]}}}, "app/core/database.py": {"executed_lines": [1, 2, 3, 6, 12, 13, 16, 25, 27, 30], "summary": {"covered_lines": 10, "num_statements": 21, "percent_covered": 47.61904761904762, "percent_covered_display": "48", "missing_lines": 11, "excluded_lines": 0, "percent_statements_covered": 47.61904761904762, "percent_statements_covered_display": "48"}, "missing_lines": [18, 19, 20, 22, 37, 38, 39, 40, 41, 42, 43], "excluded_lines": [], "functions": {"get_db": {"executed_lines": [], "summary": {"covered_lines": 0, "num_statements": 4, "percent_covered": 0.0, "percent_covered_display": "0", "missing_lines": 4, "excluded_lines": 0, "percent_statements_covered": 0.0, "percent_statements_covered_display": "0"}, "missing_lines": [18, 19, 20, 22], "excluded_lines": []}, "init_db": {"executed_lines": [27], "summary": {"covered_lines": 1, "num_statements": 1, "percent_covered": 100.0, "percent_covered_display": "100", "missing_lines": 0, "excluded_lines": 0, "percent_statements_covered": 100.0, "percent_statements_covered_display": "100"}, "missing_lines": [], "excluded_lines": []}, "check_database_connection": {"executed_lines": [], "summary": {"covered_lines": 0, "num_statements": 7, "percent_covered": 0.0, "percent_covered_display": "0", "missing_lines": 7, "excluded_lines": 0, "percent_statements_covered": 0.0, "percent_statements_covered_display": "0"}, "missing_lines": [37, 38, 39, 40, 41, 42, 43], "excluded_lines": []}, "": {"executed_lines": [1, 2, 3, 6, 12, 13, 16, 25, 30], "summary": {"covered_lines": 9, "num_statements": 9, "percent_covered": 100.0, "percent_covered_display": "100", "missing_lines": 0, "excluded_lines": 0, "percent_statements_covered": 100.0, "percent_statements_covered_display": "100"}, "missing_lines": [], "excluded_lines": []}}, "classes": {"": {"executed_lines": [1, 2, 3, 6, 12, 13, 16, 25, 27, 30], "summary": {"covered_lines": 10, "num_statements": 21, "percent_covered": 47.61904761904762, "percent_covered_display": "48", "missing_lines": 11, "excluded_lines": 0, "percent_statements_covered": 47.61904761904762, "percent_statements_covered_display": "48"}, "missing_lines": [18, 19, 20, 22, 37, 38, 39, 40, 41, 42, 43], "excluded_lines": []}}}, "app/core/dependencies.py": {"executed_lines": [1, 5, 6, 7, 8, 9, 10, 11, 13, 14, 15, 16, 19, 22, 25, 26, 37, 38, 39, 40, 41, 42, 43, 46, 50, 54, 67, 68, 75, 78, 80, 81, 82, 89, 240, 255, 276, 279, 307, 310, 313, 316, 321, 324, 398, 427, 447, 486, 543, 546, 590, 628, 740, 802, 837, 873, 874, 883, 888, 898], "summary": {"covered_lines": 57, "num_statements": 189, "percent_covered": 30.158730158730158, "percent_covered_display": "30", "missing_lines": 132, "excluded_lines": 0, "percent_statements_covered": 30.158730158730158, "percent_statements_covered_display": "30"}, "missing_lines": [51, 76, 120, 121, 124, 125, 126, 127, 134, 135, 136, 137, 138, 145, 146, 147, 148, 155, 156, 157, 163, 165, 166, 169, 170, 173, 182, 183, 186, 193, 194, 195, 198, 211, 212, 215, 225, 226, 232, 237, 258, 259, 263, 271, 274, 288, 291, 292, 295, 299, 301, 352, 353, 356, 365, 369, 370, 373, 379, 380, 383, 391, 395, 416, 417, 419, 424, 436, 440, 442, 489, 492, 494, 500, 521, 526, 536, 541, 564, 567, 568, 573, 585, 587, 607, 610, 613, 614, 618, 623, 672, 675, 677, 684, 695, 701, 713, 714, 718, 731, 737, 761, 764, 766, 767, 769, 770, 776, 788, 789, 793, 797, 799, 823, 827, 832, 834, 860, 862, 884, 885, 886, 889, 890, 892, 896, 899, 900, 902, 903, 909, 916], "excluded_lines": [], "functions": {"CurrentUser.__init__": {"executed_lines": [38, 39, 40, 41, 42, 43, 46], "summary": {"covered_lines": 7, "num_statements": 7, "percent_covered": 100.0, "percent_covered_display": "100", "missing_lines": 0, "excluded_lines": 0, "percent_statements_covered": 100.0, "percent_statements_covered_display": "100"}, "missing_lines": [], "excluded_lines": []}, "CurrentUser.__repr__": {"executed_lines": [], "summary": {"covered_lines": 0, "num_statements": 1, "percent_covered": 0.0, "percent_covered_display": "0", "missing_lines": 1, "excluded_lines": 0, "percent_statements_covered": 0.0, "percent_statements_covered_display": "0"}, "missing_lines": [51], "excluded_lines": []}, "decode_jwt_token": {"executed_lines": [67, 68, 75, 78, 80, 81, 82], "summary": {"covered_lines": 7, "num_statements": 8, "percent_covered": 87.5, "percent_covered_display": "88", "missing_lines": 1, "excluded_lines": 0, "percent_statements_covered": 87.5, "percent_statements_covered_display": "88"}, "missing_lines": [76], "excluded_lines": []}, "get_current_user": {"executed_lines": [], "summary": {"covered_lines": 0, "num_statements": 38, "percent_covered": 0.0, "percent_covered_display": "0", "missing_lines": 38, "excluded_lines": 0, "percent_statements_covered": 0.0, "percent_statements_covered_display": "0"}, "missing_lines": [120, 121, 124, 125, 126, 127, 134, 135, 136, 137, 138, 145, 146, 147, 148, 155, 156, 157, 163, 165, 166, 169, 170, 173, 182, 183, 186, 193, 194, 195, 198, 211, 212, 215, 225, 226, 232, 237], "excluded_lines": []}, "require_role": {"executed_lines": [255, 276], "summary": {"covered_lines": 2, "num_statements": 2, "percent_covered": 100.0, "percent_covered_display": "100", "missing_lines": 0, "excluded_lines": 0, "percent_statements_covered": 100.0, "percent_statements_covered_display": "100"}, "missing_lines": [], "excluded_lines": []}, "require_role.role_checker": {"executed_lines": [], "summary": {"covered_lines": 0, "num_statements": 5, "percent_covered": 0.0, "percent_covered_display": "0", "missing_lines": 5, "excluded_lines": 0, "percent_statements_covered": 0.0, "percent_statements_covered_display": "0"}, "missing_lines": [258, 259, 263, 271, 274], "excluded_lines": []}, "require_mfa_verified": {"executed_lines": [], "summary": {"covered_lines": 0, "num_statements": 2, "percent_covered": 0.0, "percent_covered_display": "0", "missing_lines": 2, "excluded_lines": 0, "percent_statements_covered": 0.0, "percent_statements_covered_display": "0"}, "missing_lines": [288, 301], "excluded_lines": []}, "require_mfa_verified.mfa_checker": {"executed_lines": [], "summary": {"covered_lines": 0, "num_statements": 4, "percent_covered": 0.0, "percent_covered_display": "0", "missing_lines": 4, "excluded_lines": 0, "percent_statements_covered": 0.0, "percent_statements_covered_display": "0"}, "missing_lines": [291, 292, 295, 299], "excluded_lines": []}, "get_current_entidade": {"executed_lines": [], "summary": {"covered_lines": 0, "num_statements": 12, "percent_covered": 0.0, "percent_covered_display": "0", "missing_lines": 12, "excluded_lines": 0, "percent_statements_covered": 0.0, "percent_statements_covered_display": "0"}, "missing_lines": [352, 353, 356, 365, 369, 370, 373, 379, 380, 383, 391, 395], "excluded_lines": []}, "get_current_entidade_optional": {"executed_lines": [], "summary": {"covered_lines": 0, "num_statements": 4, "percent_covered": 0.0, "percent_covered_display": "0", "missing_lines": 4, "excluded_lines": 0, "percent_statements_covered": 0.0, "percent_statements_covered_display": "0"}, "missing_lines": [416, 417, 419, 424], "excluded_lines": []}, "require_entidade": {"executed_lines": [], "summary": {"covered_lines": 0, "num_statements": 2, "percent_covered": 0.0, "percent_covered_display": "0", "missing_lines": 2, "excluded_lines": 0, "percent_statements_covered": 0.0, "percent_statements_covered_display": "0"}, "missing_lines": [436, 442], "excluded_lines": []}, "require_entidade.entidade_checker": {"executed_lines": [], "summary": {"covered_lines": 0, "num_statements": 1, "percent_covered": 0.0, "percent_covered_display": "0", "missing_lines": 1, "excluded_lines": 0, "percent_statements_covered": 0.0, "percent_statements_covered_display": "0"}, "missing_lines": [440], "excluded_lines": []}, "require_active_entidade": {"executed_lines": [486, 543], "summary": {"covered_lines": 2, "num_statements": 2, "percent_covered": 100.0, "percent_covered_display": "100", "missing_lines": 0, "excluded_lines": 0, "percent_statements_covered": 100.0, "percent_statements_covered_display": "100"}, "missing_lines": [], "excluded_lines": []}, "require_active_entidade.check_entidade_active": {"executed_lines": [], "summary": {"covered_lines": 0, "num_statements": 8, "percent_covered": 0.0, "percent_covered_display": "0", "missing_lines": 8, "excluded_lines": 0, "percent_statements_covered": 0.0, "percent_statements_covered_display": "0"}, "missing_lines": [489, 492, 494, 500, 521, 526, 536, 541], "excluded_lines": []}, "require_entidade_status": {"executed_lines": [], "summary": {"covered_lines": 0, "num_statements": 2, "percent_covered": 0.0, "percent_covered_display": "0", "missing_lines": 2, "excluded_lines": 0, "percent_statements_covered": 0.0, "percent_statements_covered_display": "0"}, "missing_lines": [564, 587], "excluded_lines": []}, "require_entidade_status.check_entidade_status": {"executed_lines": [], "summary": {"covered_lines": 0, "num_statements": 4, "percent_covered": 0.0, "percent_covered_display": "0", "missing_lines": 4, "excluded_lines": 0, "percent_statements_covered": 0.0, "percent_statements_covered_display": "0"}, "missing_lines": [567, 568, 573, 585], "excluded_lines": []}, "get_entidade_with_status_check": {"executed_lines": [], "summary": {"covered_lines": 0, "num_statements": 6, "percent_covered": 0.0, "percent_covered_display": "0", "missing_lines": 6, "excluded_lines": 0, "percent_statements_covered": 0.0, "percent_statements_covered_display": "0"}, "missing_lines": [607, 610, 613, 614, 618, 623], "excluded_lines": []}, "require_root_user": {"executed_lines": [], "summary": {"covered_lines": 0, "num_statements": 11, "percent_covered": 0.0, "percent_covered_display": "0", "missing_lines": 11, "excluded_lines": 0, "percent_statements_covered": 0.0, "percent_statements_covered_display": "0"}, "missing_lines": [672, 675, 677, 684, 695, 701, 713, 714, 718, 731, 737], "excluded_lines": []}, "require_root_or_owner": {"executed_lines": [], "summary": {"covered_lines": 0, "num_statements": 2, "percent_covered": 0.0, "percent_covered_display": "0", "missing_lines": 2, "excluded_lines": 0, "percent_statements_covered": 0.0, "percent_statements_covered_display": "0"}, "missing_lines": [761, 799], "excluded_lines": []}, "require_root_or_owner.check_root_or_owner": {"executed_lines": [], "summary": {"covered_lines": 0, "num_statements": 10, "percent_covered": 0.0, "percent_covered_display": "0", "missing_lines": 10, "excluded_lines": 0, "percent_statements_covered": 0.0, "percent_statements_covered_display": "0"}, "missing_lines": [764, 766, 767, 769, 770, 776, 788, 789, 793, 797], "excluded_lines": []}, "require_root_with_reason": {"executed_lines": [], "summary": {"covered_lines": 0, "num_statements": 2, "percent_covered": 0.0, "percent_covered_display": "0", "missing_lines": 2, "excluded_lines": 0, "percent_statements_covered": 0.0, "percent_statements_covered_display": "0"}, "missing_lines": [823, 834], "excluded_lines": []}, "require_root_with_reason.check_root_with_reason": {"executed_lines": [], "summary": {"covered_lines": 0, "num_statements": 2, "percent_covered": 0.0, "percent_covered_display": "0", "missing_lines": 2, "excluded_lines": 0, "percent_statements_covered": 0.0, "percent_statements_covered_display": "0"}, "missing_lines": [827, 832], "excluded_lines": []}, "get_root_user_info": {"executed_lines": [], "summary": {"covered_lines": 0, "num_statements": 2, "percent_covered": 0.0, "percent_covered_display": "0", "missing_lines": 2, "excluded_lines": 0, "percent_statements_covered": 0.0, "percent_statements_covered_display": "0"}, "missing_lines": [860, 862], "excluded_lines": []}, "RootOperationContext.__init__": {"executed_lines": [], "summary": {"covered_lines": 0, "num_statements": 3, "percent_covered": 0.0, "percent_covered_display": "0", "missing_lines": 3, "excluded_lines": 0, "percent_statements_covered": 0.0, "percent_statements_covered_display": "0"}, "missing_lines": [884, 885, 886], "excluded_lines": []}, "RootOperationContext.__aenter__": {"executed_lines": [], "summary": {"covered_lines": 0, "num_statements": 4, "percent_covered": 0.0, "percent_covered_display": "0", "missing_lines": 4, "excluded_lines": 0, "percent_statements_covered": 0.0, "percent_statements_covered_display": "0"}, "missing_lines": [889, 890, 892, 896], "excluded_lines": []}, "RootOperationContext.__aexit__": {"executed_lines": [], "summary": {"covered_lines": 0, "num_statements": 6, "percent_covered": 0.0, "percent_covered_display": "0", "missing_lines": 6, "excluded_lines": 0, "percent_statements_covered": 0.0, "percent_statements_covered_display": "0"}, "missing_lines": [899, 900, 902, 903, 909, 916], "excluded_lines": []}, "": {"executed_lines": [1, 5, 6, 7, 8, 9, 10, 11, 13, 14, 15, 16, 19, 22, 25, 26, 37, 50, 54, 89, 240, 279, 307, 310, 313, 316, 321, 324, 398, 427, 447, 546, 590, 628, 740, 802, 837, 873, 874, 883, 888, 898], "summary": {"covered_lines": 39, "num_statements": 39, "percent_covered": 100.0, "percent_covered_display": "100", "missing_lines": 0, "excluded_lines": 0, "percent_statements_covered": 100.0, "percent_statements_covered_display": "100"}, "missing_lines": [], "excluded_lines": []}}, "classes": {"CurrentUser": {"executed_lines": [38, 39, 40, 41, 42, 43, 46], "summary": {"covered_lines": 7, "num_statements": 8, "percent_covered": 87.5, "percent_covered_display": "88", "missing_lines": 1, "excluded_lines": 0, "percent_statements_covered": 87.5, "percent_statements_covered_display": "88"}, "missing_lines": [51], "excluded_lines": []}, "RootOperationContext": {"executed_lines": [], "summary": {"covered_lines": 0, "num_statements": 13, "percent_covered": 0.0, "percent_covered_display": "0", "missing_lines": 13, "excluded_lines": 0, "percent_statements_covered": 0.0, "percent_statements_covered_display": "0"}, "missing_lines": [884, 885, 886, 889, 890, 892, 896, 899, 900, 902, 903, 909, 916], "excluded_lines": []}, "": {"executed_lines": [1, 5, 6, 7, 8, 9, 10, 11, 13, 14, 15, 16, 19, 22, 25, 26, 37, 50, 54, 67, 68, 75, 78, 80, 81, 82, 89, 240, 255, 276, 279, 307, 310, 313, 316, 321, 324, 398, 427, 447, 486, 543, 546, 590, 628, 740, 802, 837, 873, 874, 883, 888, 898], "summary": {"covered_lines": 50, "num_statements": 168, "percent_covered": 29.761904761904763, "percent_covered_display": "30", "missing_lines": 118, "excluded_lines": 0, "percent_statements_covered": 29.761904761904763, "percent_statements_covered_display": "30"}, "missing_lines": [76, 120, 121, 124, 125, 126, 127, 134, 135, 136, 137, 138, 145, 146, 147, 148, 155, 156, 157, 163, 165, 166, 169, 170, 173, 182, 183, 186, 193, 194, 195, 198, 211, 212, 215, 225, 226, 232, 237, 258, 259, 263, 271, 274, 288, 291, 292, 295, 299, 301, 352, 353, 356, 365, 369, 370, 373, 379, 380, 383, 391, 395, 416, 417, 419, 424, 436, 440, 442, 489, 492, 494, 500, 521, 526, 536, 541, 564, 567, 568, 573, 585, 587, 607, 610, 613, 614, 618, 623, 672, 675, 677, 684, 695, 701, 713, 714, 718, 731, 737, 761, 764, 766, 767, 769, 770, 776, 788, 789, 793, 797, 799, 823, 827, 832, 834, 860, 862], "excluded_lines": []}}}, "app/core/models.py": {"executed_lines": [1, 2, 3, 4, 5, 8, 9, 10, 11, 12, 15, 16, 17, 18, 19, 20, 23, 24, 33, 34, 35, 36, 37, 40, 41, 44, 46, 47, 48, 49, 50, 53, 61, 64, 65, 68, 69, 70, 71, 74, 75, 78, 79, 80, 83, 85, 88, 89, 93, 94, 98, 111, 112, 113, 115, 116, 117, 118, 119, 120, 121, 124, 125, 126, 129, 130, 133, 134, 135, 137, 140], "summary": {"covered_lines": 66, "num_statements": 72, "percent_covered": 91.66666666666667, "percent_covered_display": "92", "missing_lines": 6, "excluded_lines": 0, "percent_statements_covered": 91.66666666666667, "percent_statements_covered_display": "92"}, "missing_lines": [86, 91, 96, 99, 138, 141], "excluded_lines": [], "functions": {"Entidade.__repr__": {"executed_lines": [], "summary": {"covered_lines": 0, "num_statements": 1, "percent_covered": 0.0, "percent_covered_display": "0", "missing_lines": 1, "excluded_lines": 0, "percent_statements_covered": 0.0, "percent_statements_covered_display": "0"}, "missing_lines": [86], "excluded_lines": []}, "Entidade.is_ativa": {"executed_lines": [], "summary": {"covered_lines": 0, "num_statements": 1, "percent_covered": 0.0, "percent_covered_display": "0", "missing_lines": 1, "excluded_lines": 0, "percent_statements_covered": 0.0, "percent_statements_covered_display": "0"}, "missing_lines": [91], "excluded_lines": []}, "Entidade.is_acessivel": {"executed_lines": [], "summary": {"covered_lines": 0, "num_statements": 1, "percent_covered": 0.0, "percent_covered_display": "0", "missing_lines": 1, "excluded_lines": 0, "percent_statements_covered": 0.0, "percent_statements_covered_display": "0"}, "missing_lines": [96], "excluded_lines": []}, "Entidade.to_dict": {"executed_lines": [], "summary": {"covered_lines": 0, "num_statements": 1, "percent_covered": 0.0, "percent_covered_display": "0", "missing_lines": 1, "excluded_lines": 0, "percent_statements_covered": 0.0, "percent_statements_covered_display": "0"}, "missing_lines": [99], "excluded_lines": []}, "User.__repr__": {"executed_lines": [], "summary": {"covered_lines": 0, "num_statements": 1, "percent_covered": 0.0, "percent_covered_display": "0", "missing_lines": 1, "excluded_lines": 0, "percent_statements_covered": 0.0, "percent_statements_covered_display": "0"}, "missing_lines": [138], "excluded_lines": []}, "User.to_dict": {"executed_lines": [], "summary": {"covered_lines": 0, "num_statements": 1, "percent_covered": 0.0, "percent_covered_display": "0", "missing_lines": 1, "excluded_lines": 0, "percent_statements_covered": 0.0, "percent_statements_covered_display": "0"}, "missing_lines": [141], "excluded_lines": []}, "": {"executed_lines": [1, 2, 3, 4, 5, 8, 9, 10, 11, 12, 15, 16, 17, 18, 19, 20, 23, 24, 33, 34, 35, 36, 37, 40, 41, 44, 46, 47, 48, 49, 50, 53, 61, 64, 65, 68, 69, 70, 71, 74, 75, 78, 79, 80, 83, 85, 88, 89, 93, 94, 98, 111, 112, 113, 115, 116, 117, 118, 119, 120, 121, 124, 125, 126, 129, 130, 133, 134, 135, 137, 140], "summary": {"covered_lines": 66, "num_statements": 66, "percent_covered": 100.0, "percent_covered_display": "100", "missing_lines": 0, "excluded_lines": 0, "percent_statements_covered": 100.0, "percent_statements_covered_display": "100"}, "missing_lines": [], "excluded_lines": []}}, "classes": {"UserRole": {"executed_lines": [], "summary": {"covered_lines": 0, "num_statements": 0, "percent_covered": 100.0, "percent_covered_display": "100", "missing_lines": 0, "excluded_lines": 0, "percent_statements_covered": 100.0, "percent_statements_covered_display": "100"}, "missing_lines": [], "excluded_lines": []}, "TipoEntidade": {"executed_lines": [], "summary": {"covered_lines": 0, "num_statements": 0, "percent_covered": 100.0, "percent_covered_display": "100", "missing_lines": 0, "excluded_lines": 0, "percent_statements_covered": 100.0, "percent_statements_covered_display": "100"}, "missing_lines": [], "excluded_lines": []}, "StatusEntidade": {"executed_lines": [], "summary": {"covered_lines": 0, "num_statements": 0, "percent_covered": 100.0, "percent_covered_display": "100", "missing_lines": 0, "excluded_lines": 0, "percent_statements_covered": 100.0, "percent_statements_covered_display": "100"}, "missing_lines": [], "excluded_lines": []}, "Entidade": {"executed_lines": [], "summary": {"covered_lines": 0, "num_statements": 4, "percent_covered": 0.0, "percent_covered_display": "0", "missing_lines": 4, "excluded_lines": 0, "percent_statements_covered": 0.0, "percent_statements_covered_display": "0"}, "missing_lines": [86, 91, 96, 99], "excluded_lines": []}, "User": {"executed_lines": [], "summary": {"covered_lines": 0, "num_statements": 2, "percent_covered": 0.0, "percent_covered_display": "0", "missing_lines": 2, "excluded_lines": 0, "percent_statements_covered": 0.0, "percent_statements_covered_display": "0"}, "missing_lines": [138, 141], "excluded_lines": []}, "": {"executed_lines": [1, 2, 3, 4, 5, 8, 9, 10, 11, 12, 15, 16, 17, 18, 19, 20, 23, 24, 33, 34, 35, 36, 37, 40, 41, 44, 46, 47, 48, 49, 50, 53, 61, 64, 65, 68, 69, 70, 71, 74, 75, 78, 79, 80, 83, 85, 88, 89, 93, 94, 98, 111, 112, 113, 115, 116, 117, 118, 119, 120, 121, 124, 125, 126, 129, 130, 133, 134, 135, 137, 140], "summary": {"covered_lines": 66, "num_statements": 66, "percent_covered": 100.0, "percent_covered_display": "100", "missing_lines": 0, "excluded_lines": 0, "percent_statements_covered": 100.0, "percent_statements_covered_display": "100"}, "missing_lines": [], "excluded_lines": []}}}, "app/core/rate_limit.py": {"executed_lines": [1, 10, 11, 12, 13, 14, 15, 17, 22, 54, 65, 107, 128, 141, 142, 145, 149, 157], "summary": {"covered_lines": 17, "num_statements": 37, "percent_covered": 45.945945945945944, "percent_covered_display": "46", "missing_lines": 20, "excluded_lines": 0, "percent_statements_covered": 45.945945945945944, "percent_statements_covered_display": "46"}, "missing_lines": [36, 37, 40, 41, 43, 45, 46, 47, 50, 75, 78, 85, 114, 116, 118, 123, 124, 125, 146, 150], "excluded_lines": [], "functions": {"get_identifier": {"executed_lines": [], "summary": {"covered_lines": 0, "num_statements": 9, "percent_covered": 0.0, "percent_covered_display": "0", "missing_lines": 9, "excluded_lines": 0, "percent_statements_covered": 0.0, "percent_statements_covered_display": "0"}, "missing_lines": [36, 37, 40, 41, 43, 45, 46, 47, 50], "excluded_lines": []}, "rate_limit_exceeded_handler": {"executed_lines": [], "summary": {"covered_lines": 0, "num_statements": 3, "percent_covered": 0.0, "percent_covered_display": "0", "missing_lines": 3, "excluded_lines": 0, "percent_statements_covered": 0.0, "percent_statements_covered_display": "0"}, "missing_lines": [75, 78, 85], "excluded_lines": []}, "get_rate_limit_info": {"executed_lines": [], "summary": {"covered_lines": 0, "num_statements": 6, "percent_covered": 0.0, "percent_covered_display": "0", "missing_lines": 6, "excluded_lines": 0, "percent_statements_covered": 0.0, "percent_statements_covered_display": "0"}, "missing_lines": [114, 116, 118, 123, 124, 125], "excluded_lines": []}, "exempt_from_rate_limit": {"executed_lines": [141, 142, 145, 149, 157], "summary": {"covered_lines": 5, "num_statements": 7, "percent_covered": 71.42857142857143, "percent_covered_display": "71", "missing_lines": 2, "excluded_lines": 0, "percent_statements_covered": 71.42857142857143, "percent_statements_covered_display": "71"}, "missing_lines": [146, 150], "excluded_lines": []}, "": {"executed_lines": [1, 10, 11, 12, 13, 14, 15, 17, 22, 54, 65, 107, 128], "summary": {"covered_lines": 12, "num_statements": 12, "percent_covered": 100.0, "percent_covered_display": "100", "missing_lines": 0, "excluded_lines": 0, "percent_statements_covered": 100.0, "percent_statements_covered_display": "100"}, "missing_lines": [], "excluded_lines": []}}, "classes": {"": {"executed_lines": [1, 10, 11, 12, 13, 14, 15, 17, 22, 54, 65, 107, 128, 141, 142, 145, 149, 157], "summary": {"covered_lines": 17, "num_statements": 37, "percent_covered": 45.945945945945944, "percent_covered_display": "46", "missing_lines": 20, "excluded_lines": 0, "percent_statements_covered": 45.945945945945944, "percent_statements_covered_display": "46"}, "missing_lines": [36, 37, 40, 41, 43, 45, 46, 47, 50, 75, 78, 85, 114, 116, 118, 123, 124, 125, 146, 150], "excluded_lines": []}}}, "app/core/schemas.py": {"executed_lines": [1, 7, 8, 9, 10, 15, 16, 17, 18, 19, 22, 23, 24, 25, 26, 27, 30, 31, 32, 33, 34, 35, 36, 41, 42, 43, 44, 45, 48, 49, 50, 51, 54, 55, 56, 57, 58, 59, 60, 61, 63, 68, 69, 70, 71, 72, 74, 85, 86, 87, 88, 89, 91, 107, 108, 109, 110, 111, 113, 124, 125, 126, 128, 137, 138, 139, 140, 142, 154, 155, 156, 157, 158, 159, 160, 161, 162, 163, 164, 165, 168, 169, 170, 173, 174, 175, 176, 177, 178, 179, 180, 181, 182, 185, 186, 187, 188, 189, 190, 192, 195, 196, 197, 199, 202, 203, 204, 205, 207], "summary": {"covered_lines": 91, "num_statements": 91, "percent_covered": 100.0, "percent_covered_display": "100", "missing_lines": 0, "excluded_lines": 0, "percent_statements_covered": 100.0, "percent_statements_covered_display": "100"}, "missing_lines": [], "excluded_lines": [], "functions": {"": {"executed_lines": [1, 7, 8, 9, 10, 15, 16, 17, 18, 19, 22, 23, 24, 25, 26, 27, 30, 31, 32, 33, 34, 35, 36, 41, 42, 43, 44, 45, 48, 49, 50, 51, 54, 55, 56, 57, 58, 59, 60, 61, 63, 68, 69, 70, 71, 72, 74, 85, 86, 87, 88, 89, 91, 107, 108, 109, 110, 111, 113, 124, 125, 126, 128, 137, 138, 139, 140, 142, 154, 155, 156, 157, 158, 159, 160, 161, 162, 163, 164, 165, 168, 169, 170, 173, 174, 175, 176, 177, 178, 179, 180, 181, 182, 185, 186, 187, 188, 189, 190, 192, 195, 196, 197, 199, 202, 203, 204, 205, 207], "summary": {"covered_lines": 91, "num_statements": 91, "percent_covered": 100.0, "percent_covered_display": "100", "missing_lines": 0, "excluded_lines": 0, "percent_statements_covered": 100.0, "percent_statements_covered_display": "100"}, "missing_lines": [], "excluded_lines": []}}, "classes": {"UserRoleEnum": {"executed_lines": [], "summary": {"covered_lines": 0, "num_statements": 0, "percent_covered": 100.0, "percent_covered_display": "100", "missing_lines": 0, "excluded_lines": 0, "percent_statements_covered": 100.0, "percent_statements_covered_display": "100"}, "missing_lines": [], "excluded_lines": []}, "TipoEntidadeEnum": {"executed_lines": [], "summary": {"covered_lines": 0, "num_statements": 0, "percent_covered": 100.0, "percent_covered_display": "100", "missing_lines": 0, "excluded_lines": 0, "percent_statements_covered": 100.0, "percent_statements_covered_display": "100"}, "missing_lines": [], "excluded_lines": []}, "StatusEntidadeEnum": {"executed_lines": [], "summary": {"covered_lines": 0, "num_statements": 0, "percent_covered": 100.0, "percent_covered_display": "100", "missing_lines": 0, "excluded_lines": 0, "percent_statements_covered": 100.0, "percent_statements_covered_display": "100"}, "missing_lines": [], "excluded_lines": []}, "UserBase": {"executed_lines": [], "summary": {"covered_lines": 0, "num_statements": 0, "percent_covered": 100.0, "percent_covered_display": "100", "missing_lines": 0, "excluded_lines": 0, "percent_statements_covered": 100.0, "percent_statements_covered_display": "100"}, "missing_lines": [], "excluded_lines": []}, "UserCreate": {"executed_lines": [], "summary": {"covered_lines": 0, "num_statements": 0, "percent_covered": 100.0, "percent_covered_display": "100", "missing_lines": 0, "excluded_lines": 0, "percent_statements_covered": 100.0, "percent_statements_covered_display": "100"}, "missing_lines": [], "excluded_lines": []}, "UserResponse": {"executed_lines": [], "summary": {"covered_lines": 0, "num_statements": 0, "percent_covered": 100.0, "percent_covered_display": "100", "missing_lines": 0, "excluded_lines": 0, "percent_statements_covered": 100.0, "percent_statements_covered_display": "100"}, "missing_lines": [], "excluded_lines": []}, "UserLogin": {"executed_lines": [], "summary": {"covered_lines": 0, "num_statements": 0, "percent_covered": 100.0, "percent_covered_display": "100", "missing_lines": 0, "excluded_lines": 0, "percent_statements_covered": 100.0, "percent_statements_covered_display": "100"}, "missing_lines": [], "excluded_lines": []}, "Token": {"executed_lines": [], "summary": {"covered_lines": 0, "num_statements": 0, "percent_covered": 100.0, "percent_covered_display": "100", "missing_lines": 0, "excluded_lines": 0, "percent_statements_covered": 100.0, "percent_statements_covered_display": "100"}, "missing_lines": [], "excluded_lines": []}, "MFASetup": {"executed_lines": [], "summary": {"covered_lines": 0, "num_statements": 0, "percent_covered": 100.0, "percent_covered_display": "100", "missing_lines": 0, "excluded_lines": 0, "percent_statements_covered": 100.0, "percent_statements_covered_display": "100"}, "missing_lines": [], "excluded_lines": []}, "MFAVerify": {"executed_lines": [], "summary": {"covered_lines": 0, "num_statements": 0, "percent_covered": 100.0, "percent_covered_display": "100", "missing_lines": 0, "excluded_lines": 0, "percent_statements_covered": 100.0, "percent_statements_covered_display": "100"}, "missing_lines": [], "excluded_lines": []}, "MessageResponse": {"executed_lines": [], "summary": {"covered_lines": 0, "num_statements": 0, "percent_covered": 100.0, "percent_covered_display": "100", "missing_lines": 0, "excluded_lines": 0, "percent_statements_covered": 100.0, "percent_statements_covered_display": "100"}, "missing_lines": [], "excluded_lines": []}, "EntidadeBase": {"executed_lines": [], "summary": {"covered_lines": 0, "num_statements": 0, "percent_covered": 100.0, "percent_covered_display": "100", "missing_lines": 0, "excluded_lines": 0, "percent_statements_covered": 100.0, "percent_statements_covered_display": "100"}, "missing_lines": [], "excluded_lines": []}, "EntidadeCreate": {"executed_lines": [], "summary": {"covered_lines": 0, "num_statements": 0, "percent_covered": 100.0, "percent_covered_display": "100", "missing_lines": 0, "excluded_lines": 0, "percent_statements_covered": 100.0, "percent_statements_covered_display": "100"}, "missing_lines": [], "excluded_lines": []}, "EntidadeUpdate": {"executed_lines": [], "summary": {"covered_lines": 0, "num_statements": 0, "percent_covered": 100.0, "percent_covered_display": "100", "missing_lines": 0, "excluded_lines": 0, "percent_statements_covered": 100.0, "percent_statements_covered_display": "100"}, "missing_lines": [], "excluded_lines": []}, "EntidadeResponse": {"executed_lines": [], "summary": {"covered_lines": 0, "num_statements": 0, "percent_covered": 100.0, "percent_covered_display": "100", "missing_lines": 0, "excluded_lines": 0, "percent_statements_covered": 100.0, "percent_statements_covered_display": "100"}, "missing_lines": [], "excluded_lines": []}, "EntidadeResponseComplete": {"executed_lines": [], "summary": {"covered_lines": 0, "num_statements": 0, "percent_covered": 100.0, "percent_covered_display": "100", "missing_lines": 0, "excluded_lines": 0, "percent_statements_covered": 100.0, "percent_statements_covered_display": "100"}, "missing_lines": [], "excluded_lines": []}, "EntidadeStatusUpdate": {"executed_lines": [], "summary": {"covered_lines": 0, "num_statements": 0, "percent_covered": 100.0, "percent_covered_display": "100", "missing_lines": 0, "excluded_lines": 0, "percent_statements_covered": 100.0, "percent_statements_covered_display": "100"}, "missing_lines": [], "excluded_lines": []}, "": {"executed_lines": [1, 7, 8, 9, 10, 15, 16, 17, 18, 19, 22, 23, 24, 25, 26, 27, 30, 31, 32, 33, 34, 35, 36, 41, 42, 43, 44, 45, 48, 49, 50, 51, 54, 55, 56, 57, 58, 59, 60, 61, 63, 68, 69, 70, 71, 72, 74, 85, 86, 87, 88, 89, 91, 107, 108, 109, 110, 111, 113, 124, 125, 126, 128, 137, 138, 139, 140, 142, 154, 155, 156, 157, 158, 159, 160, 161, 162, 163, 164, 165, 168, 169, 170, 173, 174, 175, 176, 177, 178, 179, 180, 181, 182, 185, 186, 187, 188, 189, 190, 192, 195, 196, 197, 199, 202, 203, 204, 205, 207], "summary": {"covered_lines": 91, "num_statements": 91, "percent_covered": 100.0, "percent_covered_display": "100", "missing_lines": 0, "excluded_lines": 0, "percent_statements_covered": 100.0, "percent_statements_covered_display": "100"}, "missing_lines": [], "excluded_lines": []}}}, "app/core/security_headers.py": {"executed_lines": [1, 10, 11, 12, 13, 14, 16, 18, 21, 22, 35, 43, 44, 45, 46, 47, 49, 51, 56, 59, 60, 75, 79, 83, 87, 88, 94, 98, 102, 112, 116, 120, 124, 128, 133, 138, 145, 153, 187, 188, 192], "summary": {"covered_lines": 38, "num_statements": 62, "percent_covered": 61.29032258064516, "percent_covered_display": "61", "missing_lines": 24, "excluded_lines": 0, "percent_statements_covered": 61.29032258064516, "percent_statements_covered_display": "61"}, "missing_lines": [129, 130, 131, 164, 165, 167, 168, 171, 172, 173, 174, 177, 178, 179, 180, 182, 196, 197, 198, 199, 200, 201, 203, 204], "excluded_lines": [], "functions": {"SecurityHeadersMiddleware.__init__": {"executed_lines": [43, 44, 45, 46, 47, 49], "summary": {"covered_lines": 6, "num_statements": 6, "percent_covered": 100.0, "percent_covered_display": "100", "missing_lines": 0, "excluded_lines": 0, "percent_statements_covered": 100.0, "percent_statements_covered_display": "100"}, "missing_lines": [], "excluded_lines": []}, "SecurityHeadersMiddleware.dispatch": {"executed_lines": [56, 59, 60, 75, 79, 83, 87, 88, 94, 98, 102, 112, 116, 120, 124, 128, 133], "summary": {"covered_lines": 17, "num_statements": 20, "percent_covered": 85.0, "percent_covered_display": "85", "missing_lines": 3, "excluded_lines": 0, "percent_statements_covered": 85.0, "percent_statements_covered_display": "85"}, "missing_lines": [129, 130, 131], "excluded_lines": []}, "get_security_headers_config": {"executed_lines": [145], "summary": {"covered_lines": 1, "num_statements": 1, "percent_covered": 100.0, "percent_covered_display": "100", "missing_lines": 0, "excluded_lines": 0, "percent_statements_covered": 100.0, "percent_statements_covered_display": "100"}, "missing_lines": [], "excluded_lines": []}, "validate_csp_compliance": {"executed_lines": [], "summary": {"covered_lines": 0, "num_statements": 13, "percent_covered": 0.0, "percent_covered_display": "0", "missing_lines": 13, "excluded_lines": 0, "percent_statements_covered": 0.0, "percent_statements_covered_display": "0"}, "missing_lines": [164, 165, 167, 168, 171, 172, 173, 174, 177, 178, 179, 180, 182], "excluded_lines": []}, "CSPReportMiddleware.dispatch": {"executed_lines": [], "summary": {"covered_lines": 0, "num_statements": 8, "percent_covered": 0.0, "percent_covered_display": "0", "missing_lines": 8, "excluded_lines": 0, "percent_statements_covered": 0.0, "percent_statements_covered_display": "0"}, "missing_lines": [196, 197, 198, 199, 200, 201, 203, 204], "excluded_lines": []}, "": {"executed_lines": [1, 10, 11, 12, 13, 14, 16, 18, 21, 22, 35, 51, 138, 153, 187, 188, 192], "summary": {"covered_lines": 14, "num_statements": 14, "percent_covered": 100.0, "percent_covered_display": "100", "missing_lines": 0, "excluded_lines": 0, "percent_statements_covered": 100.0, "percent_statements_covered_display": "100"}, "missing_lines": [], "excluded_lines": []}}, "classes": {"SecurityHeadersMiddleware": {"executed_lines": [43, 44, 45, 46, 47, 49, 56, 59, 60, 75, 79, 83, 87, 88, 94, 98, 102, 112, 116, 120, 124, 128, 133], "summary": {"covered_lines": 23, "num_statements": 26, "percent_covered": 88.46153846153847, "percent_covered_display": "88", "missing_lines": 3, "excluded_lines": 0, "percent_statements_covered": 88.46153846153847, "percent_statements_covered_display": "88"}, "missing_lines": [129, 130, 131], "excluded_lines": []}, "CSPReportMiddleware": {"executed_lines": [], "summary": {"covered_lines": 0, "num_statements": 8, "percent_covered": 0.0, "percent_covered_display": "0", "missing_lines": 8, "excluded_lines": 0, "percent_statements_covered": 0.0, "percent_statements_covered_display": "0"}, "missing_lines": [196, 197, 198, 199, 200, 201, 203, 204], "excluded_lines": []}, "": {"executed_lines": [1, 10, 11, 12, 13, 14, 16, 18, 21, 22, 35, 51, 138, 145, 153, 187, 188, 192], "summary": {"covered_lines": 15, "num_statements": 28, "percent_covered": 53.57142857142857, "percent_covered_display": "54", "missing_lines": 13, "excluded_lines": 0, "percent_statements_covered": 53.57142857142857, "percent_statements_covered_display": "54"}, "missing_lines": [164, 165, 167, 168, 171, 172, 173, 174, 177, 178, 179, 180, 182], "excluded_lines": []}}}, "app/core/user.py": {"executed_lines": [], "summary": {"covered_lines": 0, "num_statements": 4, "percent_covered": 0.0, "percent_covered_display": "0", "missing_lines": 4, "excluded_lines": 0, "percent_statements_covered": 0.0, "percent_statements_covered_display": "0"}, "missing_lines": [1, 2, 3, 4], "excluded_lines": [], "functions": {"": {"executed_lines": [], "summary": {"covered_lines": 0, "num_statements": 4, "percent_covered": 0.0, "percent_covered_display": "0", "missing_lines": 4, "excluded_lines": 0, "percent_statements_covered": 0.0, "percent_statements_covered_display": "0"}, "missing_lines": [1, 2, 3, 4], "excluded_lines": []}}, "classes": {"User": {"executed_lines": [], "summary": {"covered_lines": 0, "num_statements": 0, "percent_covered": 100.0, "percent_covered_display": "100", "missing_lines": 0, "excluded_lines": 0, "percent_statements_covered": 100.0, "percent_statements_covered_display": "100"}, "missing_lines": [], "excluded_lines": []}, "": {"executed_lines": [], "summary": {"covered_lines": 0, "num_statements": 4, "percent_covered": 0.0, "percent_covered_display": "0", "missing_lines": 4, "excluded_lines": 0, "percent_statements_covered": 0.0, "percent_statements_covered_display": "0"}, "missing_lines": [1, 2, 3, 4], "excluded_lines": []}}}, "app/database.py": {"executed_lines": [1, 5, 6, 7, 8, 12, 18, 26, 29, 30, 31, 33, 46, 53, 54, 55, 56, 57], "summary": {"covered_lines": 17, "num_statements": 25, "percent_covered": 68.0, "percent_covered_display": "68", "missing_lines": 8, "excluded_lines": 0, "percent_statements_covered": 68.0, "percent_statements_covered_display": "68"}, "missing_lines": [27, 40, 41, 42, 44, 58, 59, 60], "excluded_lines": [], "functions": {"get_db": {"executed_lines": [], "summary": {"covered_lines": 0, "num_statements": 4, "percent_covered": 0.0, "percent_covered_display": "0", "missing_lines": 4, "excluded_lines": 0, "percent_statements_covered": 0.0, "percent_statements_covered_display": "0"}, "missing_lines": [40, 41, 42, 44], "excluded_lines": []}, "check_database_connection": {"executed_lines": [53, 54, 55, 56, 57], "summary": {"covered_lines": 5, "num_statements": 8, "percent_covered": 62.5, "percent_covered_display": "62", "missing_lines": 3, "excluded_lines": 0, "percent_statements_covered": 62.5, "percent_statements_covered_display": "62"}, "missing_lines": [58, 59, 60], "excluded_lines": []}, "": {"executed_lines": [1, 5, 6, 7, 8, 12, 18, 26, 29, 30, 31, 33, 46], "summary": {"covered_lines": 12, "num_statements": 13, "percent_covered": 92.3076923076923, "percent_covered_display": "92", "missing_lines": 1, "excluded_lines": 0, "percent_statements_covered": 92.3076923076923, "percent_statements_covered_display": "92"}, "missing_lines": [27], "excluded_lines": []}}, "classes": {"": {"executed_lines": [1, 5, 6, 7, 8, 12, 18, 26, 29, 30, 31, 33, 46, 53, 54, 55, 56, 57], "summary": {"covered_lines": 17, "num_statements": 25, "percent_covered": 68.0, "percent_covered_display": "68", "missing_lines": 8, "excluded_lines": 0, "percent_statements_covered": 68.0, "percent_statements_covered_display": "68"}, "missing_lines": [27, 40, 41, 42, 44, 58, 59, 60], "excluded_lines": []}}}, "app/main.py": {"executed_lines": [1, 2, 3, 4, 5, 7, 8, 9, 10, 11, 12, 14, 16, 39, 40, 49, 57, 66, 67, 70, 71, 73, 74, 75, 76, 77, 82, 83, 84, 85, 86, 88, 89, 96, 116, 117, 144, 145, 175, 176, 177, 195, 196, 205, 206, 262, 263, 292, 295, 296, 297], "summary": {"covered_lines": 51, "num_statements": 62, "percent_covered": 82.25806451612904, "percent_covered_display": "82", "missing_lines": 11, "excluded_lines": 0, "percent_statements_covered": 82.25806451612904, "percent_statements_covered_display": "82"}, "missing_lines": [124, 152, 179, 198, 229, 231, 249, 259, 265, 299, 301], "excluded_lines": [], "functions": {"rate_limit_exemption_middleware": {"executed_lines": [73, 74, 75, 76, 77], "summary": {"covered_lines": 5, "num_statements": 5, "percent_covered": 100.0, "percent_covered_display": "100", "missing_lines": 0, "excluded_lines": 0, "percent_statements_covered": 100.0, "percent_statements_covered_display": "100"}, "missing_lines": [], "excluded_lines": []}, "root": {"executed_lines": [], "summary": {"covered_lines": 0, "num_statements": 1, "percent_covered": 0.0, "percent_covered_display": "0", "missing_lines": 1, "excluded_lines": 0, "percent_statements_covered": 0.0, "percent_statements_covered_display": "0"}, "missing_lines": [179], "excluded_lines": []}, "health": {"executed_lines": [], "summary": {"covered_lines": 0, "num_statements": 1, "percent_covered": 0.0, "percent_covered_display": "0", "missing_lines": 1, "excluded_lines": 0, "percent_statements_covered": 0.0, "percent_statements_covered_display": "0"}, "missing_lines": [198], "excluded_lines": []}, "get_csrf_token_endpoint": {"executed_lines": [], "summary": {"covered_lines": 0, "num_statements": 4, "percent_covered": 0.0, "percent_covered_display": "0", "missing_lines": 4, "excluded_lines": 0, "percent_statements_covered": 0.0, "percent_statements_covered_display": "0"}, "missing_lines": [229, 231, 249, 259], "excluded_lines": []}, "security_info": {"executed_lines": [], "summary": {"covered_lines": 0, "num_statements": 1, "percent_covered": 0.0, "percent_covered_display": "0", "missing_lines": 1, "excluded_lines": 0, "percent_statements_covered": 0.0, "percent_statements_covered_display": "0"}, "missing_lines": [265], "excluded_lines": []}, "rate_limit_info": {"executed_lines": [], "summary": {"covered_lines": 0, "num_statements": 2, "percent_covered": 0.0, "percent_covered_display": "0", "missing_lines": 2, "excluded_lines": 0, "percent_statements_covered": 0.0, "percent_statements_covered_display": "0"}, "missing_lines": [299, 301], "excluded_lines": []}, "": {"executed_lines": [1, 2, 3, 4, 5, 7, 8, 9, 10, 11, 12, 14, 16, 39, 40, 49, 57, 66, 67, 70, 71, 82, 83, 84, 85, 86, 88, 89, 116, 117, 144, 145, 175, 176, 177, 195, 196, 205, 206, 262, 263, 292, 295, 296, 297], "summary": {"covered_lines": 45, "num_statements": 45, "percent_covered": 100.0, "percent_covered_display": "100", "missing_lines": 0, "excluded_lines": 0, "percent_statements_covered": 100.0, "percent_statements_covered_display": "100"}, "missing_lines": [], "excluded_lines": []}}, "classes": {"": {"executed_lines": [1, 2, 3, 4, 5, 7, 8, 9, 10, 11, 12, 14, 16, 39, 40, 49, 57, 66, 67, 70, 71, 73, 74, 75, 76, 77, 82, 83, 84, 85, 86, 88, 89, 96, 116, 117, 144, 145, 175, 176, 177, 195, 196, 205, 206, 262, 263, 292, 295, 296, 297], "summary": {"covered_lines": 51, "num_statements": 62, "percent_covered": 82.25806451612904, "percent_covered_display": "82", "missing_lines": 11, "excluded_lines": 0, "percent_statements_covered": 82.25806451612904, "percent_statements_covered_display": "82"}, "missing_lines": [124, 152, 179, 198, 229, 231, 249, 259, 265, 299, 301], "excluded_lines": []}}}, "app/redis_client.py": {"executed_lines": [1, 4, 5, 6, 9, 10, 11, 12, 15, 17, 26, 27, 37, 39, 46, 47, 48, 49, 54, 61, 62, 63, 64], "summary": {"covered_lines": 22, "num_statements": 27, "percent_covered": 81.48148148148148, "percent_covered_display": "81", "missing_lines": 5, "excluded_lines": 0, "percent_statements_covered": 81.48148148148148, "percent_statements_covered_display": "81"}, "missing_lines": [50, 51, 52, 70, 71], "excluded_lines": [], "functions": {"get_redis_client": {"executed_lines": [26, 27, 37], "summary": {"covered_lines": 3, "num_statements": 3, "percent_covered": 100.0, "percent_covered_display": "100", "missing_lines": 0, "excluded_lines": 0, "percent_statements_covered": 100.0, "percent_statements_covered_display": "100"}, "missing_lines": [], "excluded_lines": []}, "check_redis_connection": {"executed_lines": [46, 47, 48, 49], "summary": {"covered_lines": 4, "num_statements": 7, "percent_covered": 57.142857142857146, "percent_covered_display": "57", "missing_lines": 3, "excluded_lines": 0, "percent_statements_covered": 57.142857142857146, "percent_statements_covered_display": "57"}, "missing_lines": [50, 51, 52], "excluded_lines": []}, "get_redis_info": {"executed_lines": [61, 62, 63, 64], "summary": {"covered_lines": 4, "num_statements": 6, "percent_covered": 66.66666666666667, "percent_covered_display": "67", "missing_lines": 2, "excluded_lines": 0, "percent_statements_covered": 66.66666666666667, "percent_statements_covered_display": "67"}, "missing_lines": [70, 71], "excluded_lines": []}, "": {"executed_lines": [1, 4, 5, 6, 9, 10, 11, 12, 15, 17, 39, 54], "summary": {"covered_lines": 11, "num_statements": 11, "percent_covered": 100.0, "percent_covered_display": "100", "missing_lines": 0, "excluded_lines": 0, "percent_statements_covered": 100.0, "percent_statements_covered_display": "100"}, "missing_lines": [], "excluded_lines": []}}, "classes": {"": {"executed_lines": [1, 4, 5, 6, 9, 10, 11, 12, 15, 17, 26, 27, 37, 39, 46, 47, 48, 49, 54, 61, 62, 63, 64], "summary": {"covered_lines": 22, "num_statements": 27, "percent_covered": 81.48148148148148, "percent_covered_display": "81", "missing_lines": 5, "excluded_lines": 0, "percent_statements_covered": 81.48148148148148, "percent_statements_covered_display": "81"}, "missing_lines": [50, 51, 52, 70, 71], "excluded_lines": []}}}, "app/routers/__init__.py": {"executed_lines": [1, 4, 6], "summary": {"covered_lines": 2, "num_statements": 2, "percent_covered": 100.0, "percent_covered_display": "100", "missing_lines": 0, "excluded_lines": 0, "percent_statements_covered": 100.0, "percent_statements_covered_display": "100"}, "missing_lines": [], "excluded_lines": [], "functions": {"": {"executed_lines": [1, 4, 6], "summary": {"covered_lines": 2, "num_statements": 2, "percent_covered": 100.0, "percent_covered_display": "100", "missing_lines": 0, "excluded_lines": 0, "percent_statements_covered": 100.0, "percent_statements_covered_display": "100"}, "missing_lines": [], "excluded_lines": []}}, "classes": {"": {"executed_lines": [1, 4, 6], "summary": {"covered_lines": 2, "num_statements": 2, "percent_covered": 100.0, "percent_covered_display": "100", "missing_lines": 0, "excluded_lines": 0, "percent_statements_covered": 100.0, "percent_statements_covered_display": "100"}, "missing_lines": [], "excluded_lines": []}}}, "app/routers/auth_router.py": {"executed_lines": [1, 11, 12, 13, 14, 15, 17, 18, 19, 26, 32, 33, 35, 41, 47, 48, 191, 197, 231, 237, 278, 284, 318, 323], "summary": {"covered_lines": 23, "num_statements": 77, "percent_covered": 29.87012987012987, "percent_covered_display": "30", "missing_lines": 54, "excluded_lines": 0, "percent_statements_covered": 29.87012987012987, "percent_statements_covered_display": "30"}, "missing_lines": [108, 111, 114, 116, 117, 118, 125, 126, 127, 134, 135, 136, 142, 144, 145, 146, 147, 153, 154, 155, 156, 162, 165, 166, 169, 172, 176, 208, 211, 212, 213, 214, 217, 222, 224, 249, 251, 252, 258, 259, 260, 261, 267, 268, 270, 272, 297, 300, 301, 307, 308, 310, 312, 331], "excluded_lines": [], "functions": {"login": {"executed_lines": [], "summary": {"covered_lines": 0, "num_statements": 27, "percent_covered": 0.0, "percent_covered_display": "0", "missing_lines": 27, "excluded_lines": 0, "percent_statements_covered": 0.0, "percent_statements_covered_display": "0"}, "missing_lines": [108, 111, 114, 116, 117, 118, 125, 126, 127, 134, 135, 136, 142, 144, 145, 146, 147, 153, 154, 155, 156, 162, 165, 166, 169, 172, 176], "excluded_lines": []}, "setup_mfa": {"executed_lines": [], "summary": {"covered_lines": 0, "num_statements": 8, "percent_covered": 0.0, "percent_covered_display": "0", "missing_lines": 8, "excluded_lines": 0, "percent_statements_covered": 0.0, "percent_statements_covered_display": "0"}, "missing_lines": [208, 211, 212, 213, 214, 217, 222, 224], "excluded_lines": []}, "verify_mfa": {"executed_lines": [], "summary": {"covered_lines": 0, "num_statements": 11, "percent_covered": 0.0, "percent_covered_display": "0", "missing_lines": 11, "excluded_lines": 0, "percent_statements_covered": 0.0, "percent_statements_covered_display": "0"}, "missing_lines": [249, 251, 252, 258, 259, 260, 261, 267, 268, 270, 272], "excluded_lines": []}, "disable_mfa": {"executed_lines": [], "summary": {"covered_lines": 0, "num_statements": 7, "percent_covered": 0.0, "percent_covered_display": "0", "missing_lines": 7, "excluded_lines": 0, "percent_statements_covered": 0.0, "percent_statements_covered_display": "0"}, "missing_lines": [297, 300, 301, 307, 308, 310, 312], "excluded_lines": []}, "get_me": {"executed_lines": [], "summary": {"covered_lines": 0, "num_statements": 1, "percent_covered": 0.0, "percent_covered_display": "0", "missing_lines": 1, "excluded_lines": 0, "percent_statements_covered": 0.0, "percent_statements_covered_display": "0"}, "missing_lines": [331], "excluded_lines": []}, "": {"executed_lines": [1, 11, 12, 13, 14, 15, 17, 18, 19, 26, 32, 33, 35, 41, 47, 48, 191, 197, 231, 237, 278, 284, 318, 323], "summary": {"covered_lines": 23, "num_statements": 23, "percent_covered": 100.0, "percent_covered_display": "100", "missing_lines": 0, "excluded_lines": 0, "percent_statements_covered": 100.0, "percent_statements_covered_display": "100"}, "missing_lines": [], "excluded_lines": []}}, "classes": {"": {"executed_lines": [1, 11, 12, 13, 14, 15, 17, 18, 19, 26, 32, 33, 35, 41, 47, 48, 191, 197, 231, 237, 278, 284, 318, 323], "summary": {"covered_lines": 23, "num_statements": 77, "percent_covered": 29.87012987012987, "percent_covered_display": "30", "missing_lines": 54, "excluded_lines": 0, "percent_statements_covered": 29.87012987012987, "percent_statements_covered_display": "30"}, "missing_lines": [108, 111, 114, 116, 117, 118, 125, 126, 127, 134, 135, 136, 142, 144, 145, 146, 147, 153, 154, 155, 156, 162, 165, 166, 169, 172, 176, 208, 211, 212, 213, 214, 217, 222, 224, 249, 251, 252, 258, 259, 260, 261, 267, 268, 270, 272, 297, 300, 301, 307, 308, 310, 312, 331], "excluded_lines": []}}}, "app/routers/cameras.py": {"executed_lines": [1, 5, 6, 7, 8, 10, 11, 12, 20, 28, 33, 55, 60, 81, 86, 107, 112, 132, 137], "summary": {"covered_lines": 18, "num_statements": 23, "percent_covered": 78.26086956521739, "percent_covered_display": "78", "missing_lines": 5, "excluded_lines": 0, "percent_statements_covered": 78.26086956521739, "percent_statements_covered_display": "78"}, "missing_lines": [47, 74, 100, 126, 150], "excluded_lines": [], "functions": {"list_cameras": {"executed_lines": [], "summary": {"covered_lines": 0, "num_statements": 1, "percent_covered": 0.0, "percent_covered_display": "0", "missing_lines": 1, "excluded_lines": 0, "percent_statements_covered": 0.0, "percent_statements_covered_display": "0"}, "missing_lines": [47], "excluded_lines": []}, "create_camera": {"executed_lines": [], "summary": {"covered_lines": 0, "num_statements": 1, "percent_covered": 0.0, "percent_covered_display": "0", "missing_lines": 1, "excluded_lines": 0, "percent_statements_covered": 0.0, "percent_statements_covered_display": "0"}, "missing_lines": [74], "excluded_lines": []}, "get_camera": {"executed_lines": [], "summary": {"covered_lines": 0, "num_statements": 1, "percent_covered": 0.0, "percent_covered_display": "0", "missing_lines": 1, "excluded_lines": 0, "percent_statements_covered": 0.0, "percent_statements_covered_display": "0"}, "missing_lines": [100], "excluded_lines": []}, "update_camera": {"executed_lines": [], "summary": {"covered_lines": 0, "num_statements": 1, "percent_covered": 0.0, "percent_covered_display": "0", "missing_lines": 1, "excluded_lines": 0, "percent_statements_covered": 0.0, "percent_statements_covered_display": "0"}, "missing_lines": [126], "excluded_lines": []}, "delete_camera": {"executed_lines": [], "summary": {"covered_lines": 0, "num_statements": 1, "percent_covered": 0.0, "percent_covered_display": "0", "missing_lines": 1, "excluded_lines": 0, "percent_statements_covered": 0.0, "percent_statements_covered_display": "0"}, "missing_lines": [150], "excluded_lines": []}, "": {"executed_lines": [1, 5, 6, 7, 8, 10, 11, 12, 20, 28, 33, 55, 60, 81, 86, 107, 112, 132, 137], "summary": {"covered_lines": 18, "num_statements": 18, "percent_covered": 100.0, "percent_covered_display": "100", "missing_lines": 0, "excluded_lines": 0, "percent_statements_covered": 100.0, "percent_statements_covered_display": "100"}, "missing_lines": [], "excluded_lines": []}}, "classes": {"": {"executed_lines": [1, 5, 6, 7, 8, 10, 11, 12, 20, 28, 33, 55, 60, 81, 86, 107, 112, 132, 137], "summary": {"covered_lines": 18, "num_statements": 23, "percent_covered": 78.26086956521739, "percent_covered_display": "78", "missing_lines": 5, "excluded_lines": 0, "percent_statements_covered": 78.26086956521739, "percent_statements_covered_display": "78"}, "missing_lines": [47, 74, 100, 126, 150], "excluded_lines": []}}}, "app/routers/contratos.py": {"executed_lines": [1, 5, 6, 7, 8, 10, 11, 12, 20, 28, 33, 60, 65, 87, 92, 114, 119, 139, 144], "summary": {"covered_lines": 18, "num_statements": 23, "percent_covered": 78.26086956521739, "percent_covered_display": "78", "missing_lines": 5, "excluded_lines": 0, "percent_statements_covered": 78.26086956521739, "percent_statements_covered_display": "78"}, "missing_lines": [51, 79, 106, 133, 157], "excluded_lines": [], "functions": {"list_contratos": {"executed_lines": [], "summary": {"covered_lines": 0, "num_statements": 1, "percent_covered": 0.0, "percent_covered_display": "0", "missing_lines": 1, "excluded_lines": 0, "percent_statements_covered": 0.0, "percent_statements_covered_display": "0"}, "missing_lines": [51], "excluded_lines": []}, "create_contrato": {"executed_lines": [], "summary": {"covered_lines": 0, "num_statements": 1, "percent_covered": 0.0, "percent_covered_display": "0", "missing_lines": 1, "excluded_lines": 0, "percent_statements_covered": 0.0, "percent_statements_covered_display": "0"}, "missing_lines": [79], "excluded_lines": []}, "get_contrato": {"executed_lines": [], "summary": {"covered_lines": 0, "num_statements": 1, "percent_covered": 0.0, "percent_covered_display": "0", "missing_lines": 1, "excluded_lines": 0, "percent_statements_covered": 0.0, "percent_statements_covered_display": "0"}, "missing_lines": [106], "excluded_lines": []}, "update_contrato": {"executed_lines": [], "summary": {"covered_lines": 0, "num_statements": 1, "percent_covered": 0.0, "percent_covered_display": "0", "missing_lines": 1, "excluded_lines": 0, "percent_statements_covered": 0.0, "percent_statements_covered_display": "0"}, "missing_lines": [133], "excluded_lines": []}, "delete_contrato": {"executed_lines": [], "summary": {"covered_lines": 0, "num_statements": 1, "percent_covered": 0.0, "percent_covered_display": "0", "missing_lines": 1, "excluded_lines": 0, "percent_statements_covered": 0.0, "percent_statements_covered_display": "0"}, "missing_lines": [157], "excluded_lines": []}, "": {"executed_lines": [1, 5, 6, 7, 8, 10, 11, 12, 20, 28, 33, 60, 65, 87, 92, 114, 119, 139, 144], "summary": {"covered_lines": 18, "num_statements": 18, "percent_covered": 100.0, "percent_covered_display": "100", "missing_lines": 0, "excluded_lines": 0, "percent_statements_covered": 100.0, "percent_statements_covered_display": "100"}, "missing_lines": [], "excluded_lines": []}}, "classes": {"": {"executed_lines": [1, 5, 6, 7, 8, 10, 11, 12, 20, 28, 33, 60, 65, 87, 92, 114, 119, 139, 144], "summary": {"covered_lines": 18, "num_statements": 23, "percent_covered": 78.26086956521739, "percent_covered_display": "78", "missing_lines": 5, "excluded_lines": 0, "percent_statements_covered": 78.26086956521739, "percent_statements_covered_display": "78"}, "missing_lines": [51, 79, 106, 133, 157], "excluded_lines": []}}}, "app/routers/entidades_router.py": {"executed_lines": [1, 5, 6, 7, 8, 9, 11, 12, 13, 21, 30, 36, 43, 77, 84, 104, 110, 140, 146, 170, 176, 210, 216, 226, 232, 263, 269, 292, 298], "summary": {"covered_lines": 28, "num_statements": 92, "percent_covered": 30.434782608695652, "percent_covered_display": "30", "missing_lines": 64, "excluded_lines": 0, "percent_statements_covered": 30.434782608695652, "percent_statements_covered_display": "30"}, "missing_lines": [49, 51, 53, 54, 55, 56, 58, 59, 60, 61, 63, 69, 70, 71, 73, 74, 93, 95, 96, 98, 99, 101, 116, 118, 119, 121, 153, 155, 156, 157, 159, 161, 162, 164, 165, 167, 183, 185, 186, 187, 189, 190, 192, 197, 198, 199, 200, 202, 204, 223, 238, 240, 241, 242, 244, 245, 251, 252, 253, 255, 257, 273, 303, 314], "excluded_lines": [], "functions": {"create_entidade": {"executed_lines": [], "summary": {"covered_lines": 0, "num_statements": 16, "percent_covered": 0.0, "percent_covered_display": "0", "missing_lines": 16, "excluded_lines": 0, "percent_statements_covered": 0.0, "percent_statements_covered_display": "0"}, "missing_lines": [49, 51, 53, 54, 55, 56, 58, 59, 60, 61, 63, 69, 70, 71, 73, 74], "excluded_lines": []}, "list_entidades": {"executed_lines": [], "summary": {"covered_lines": 0, "num_statements": 6, "percent_covered": 0.0, "percent_covered_display": "0", "missing_lines": 6, "excluded_lines": 0, "percent_statements_covered": 0.0, "percent_statements_covered_display": "0"}, "missing_lines": [93, 95, 96, 98, 99, 101], "excluded_lines": []}, "get_entidade_by_id": {"executed_lines": [], "summary": {"covered_lines": 0, "num_statements": 4, "percent_covered": 0.0, "percent_covered_display": "0", "missing_lines": 4, "excluded_lines": 0, "percent_statements_covered": 0.0, "percent_statements_covered_display": "0"}, "missing_lines": [116, 118, 119, 121], "excluded_lines": []}, "update_entidade": {"executed_lines": [], "summary": {"covered_lines": 0, "num_statements": 10, "percent_covered": 0.0, "percent_covered_display": "0", "missing_lines": 10, "excluded_lines": 0, "percent_statements_covered": 0.0, "percent_statements_covered_display": "0"}, "missing_lines": [153, 155, 156, 157, 159, 161, 162, 164, 165, 167], "excluded_lines": []}, "update_entidade_status": {"executed_lines": [], "summary": {"covered_lines": 0, "num_statements": 13, "percent_covered": 0.0, "percent_covered_display": "0", "missing_lines": 13, "excluded_lines": 0, "percent_statements_covered": 0.0, "percent_statements_covered_display": "0"}, "missing_lines": [183, 185, 186, 187, 189, 190, 192, 197, 198, 199, 200, 202, 204], "excluded_lines": []}, "patch_entidade_status": {"executed_lines": [], "summary": {"covered_lines": 0, "num_statements": 1, "percent_covered": 0.0, "percent_covered_display": "0", "missing_lines": 1, "excluded_lines": 0, "percent_statements_covered": 0.0, "percent_statements_covered_display": "0"}, "missing_lines": [223], "excluded_lines": []}, "delete_entidade": {"executed_lines": [], "summary": {"covered_lines": 0, "num_statements": 11, "percent_covered": 0.0, "percent_covered_display": "0", "missing_lines": 11, "excluded_lines": 0, "percent_statements_covered": 0.0, "percent_statements_covered_display": "0"}, "missing_lines": [238, 240, 241, 242, 244, 245, 251, 252, 253, 255, 257], "excluded_lines": []}, "get_my_entidade": {"executed_lines": [], "summary": {"covered_lines": 0, "num_statements": 1, "percent_covered": 0.0, "percent_covered_display": "0", "missing_lines": 1, "excluded_lines": 0, "percent_statements_covered": 0.0, "percent_statements_covered_display": "0"}, "missing_lines": [273], "excluded_lines": []}, "get_entidade_usuarios": {"executed_lines": [], "summary": {"covered_lines": 0, "num_statements": 2, "percent_covered": 0.0, "percent_covered_display": "0", "missing_lines": 2, "excluded_lines": 0, "percent_statements_covered": 0.0, "percent_statements_covered_display": "0"}, "missing_lines": [303, 314], "excluded_lines": []}, "": {"executed_lines": [1, 5, 6, 7, 8, 9, 11, 12, 13, 21, 30, 36, 43, 77, 84, 104, 110, 140, 146, 170, 176, 210, 216, 226, 232, 263, 269, 292, 298], "summary": {"covered_lines": 28, "num_statements": 28, "percent_covered": 100.0, "percent_covered_display": "100", "missing_lines": 0, "excluded_lines": 0, "percent_statements_covered": 100.0, "percent_statements_covered_display": "100"}, "missing_lines": [], "excluded_lines": []}}, "classes": {"": {"executed_lines": [1, 5, 6, 7, 8, 9, 11, 12, 13, 21, 30, 36, 43, 77, 84, 104, 110, 140, 146, 170, 176, 210, 216, 226, 232, 263, 269, 292, 298], "summary": {"covered_lines": 28, "num_statements": 92, "percent_covered": 30.434782608695652, "percent_covered_display": "30", "missing_lines": 64, "excluded_lines": 0, "percent_statements_covered": 30.434782608695652, "percent_statements_covered_display": "30"}, "missing_lines": [49, 51, 53, 54, 55, 56, 58, 59, 60, 61, 63, 69, 70, 71, 73, 74, 93, 95, 96, 98, 99, 101, 116, 118, 119, 121, 153, 155, 156, 157, 159, 161, 162, 164, 165, 167, 183, 185, 186, 187, 189, 190, 192, 197, 198, 199, 200, 202, 204, 223, 238, 240, 241, 242, 244, 245, 251, 252, 253, 255, 257, 273, 303, 314], "excluded_lines": []}}}, "app/routers/health.py": {"executed_lines": [1, 6, 7, 8, 9, 10, 12, 17, 18, 29, 39, 40, 42, 44, 45, 46, 48, 49, 50, 57, 59, 60, 70, 71, 73, 75, 76, 83, 84, 89, 90, 91, 98, 99, 109, 110, 112, 113, 115, 116, 127, 128, 134, 135, 136, 143, 144, 153, 154, 155, 158, 160, 169, 171, 195, 196, 197], "summary": {"covered_lines": 56, "num_statements": 69, "percent_covered": 81.15942028985508, "percent_covered_display": "81", "missing_lines": 13, "excluded_lines": 0, "percent_statements_covered": 81.15942028985508, "percent_statements_covered_display": "81"}, "missing_lines": [51, 52, 53, 54, 55, 161, 162, 172, 175, 176, 179, 180, 182], "excluded_lines": [], "functions": {"health_check": {"executed_lines": [29, 39, 40, 42, 44, 45, 46, 48, 49, 50, 57], "summary": {"covered_lines": 11, "num_statements": 16, "percent_covered": 68.75, "percent_covered_display": "69", "missing_lines": 5, "excluded_lines": 0, "percent_statements_covered": 68.75, "percent_statements_covered_display": "69"}, "missing_lines": [51, 52, 53, 54, 55], "excluded_lines": []}, "readiness_check": {"executed_lines": [70, 71, 73, 75, 76, 83, 84, 89, 90, 91], "summary": {"covered_lines": 10, "num_statements": 10, "percent_covered": 100.0, "percent_covered_display": "100", "missing_lines": 0, "excluded_lines": 0, "percent_statements_covered": 100.0, "percent_statements_covered_display": "100"}, "missing_lines": [], "excluded_lines": []}, "liveness_check": {"executed_lines": [109, 110, 112, 113, 115, 116, 127, 128, 134, 135, 136], "summary": {"covered_lines": 11, "num_statements": 11, "percent_covered": 100.0, "percent_covered_display": "100", "missing_lines": 0, "excluded_lines": 0, "percent_statements_covered": 100.0, "percent_statements_covered_display": "100"}, "missing_lines": [], "excluded_lines": []}, "neon_database_check": {"executed_lines": [153, 154, 155, 158, 160, 169, 171, 195, 196, 197], "summary": {"covered_lines": 10, "num_statements": 18, "percent_covered": 55.55555555555556, "percent_covered_display": "56", "missing_lines": 8, "excluded_lines": 0, "percent_statements_covered": 55.55555555555556, "percent_statements_covered_display": "56"}, "missing_lines": [161, 162, 172, 175, 176, 179, 180, 182], "excluded_lines": []}, "": {"executed_lines": [1, 6, 7, 8, 9, 10, 12, 17, 18, 59, 60, 98, 99, 143, 144], "summary": {"covered_lines": 14, "num_statements": 14, "percent_covered": 100.0, "percent_covered_display": "100", "missing_lines": 0, "excluded_lines": 0, "percent_statements_covered": 100.0, "percent_statements_covered_display": "100"}, "missing_lines": [], "excluded_lines": []}}, "classes": {"": {"executed_lines": [1, 6, 7, 8, 9, 10, 12, 17, 18, 29, 39, 40, 42, 44, 45, 46, 48, 49, 50, 57, 59, 60, 70, 71, 73, 75, 76, 83, 84, 89, 90, 91, 98, 99, 109, 110, 112, 113, 115, 116, 127, 128, 134, 135, 136, 143, 144, 153, 154, 155, 158, 160, 169, 171, 195, 196, 197], "summary": {"covered_lines": 56, "num_statements": 69, "percent_covered": 81.15942028985508, "percent_covered_display": "81", "missing_lines": 13, "excluded_lines": 0, "percent_statements_covered": 81.15942028985508, "percent_statements_covered_display": "81"}, "missing_lines": [51, 52, 53, 54, 55, 161, 162, 172, 175, 176, 179, 180, 182], "excluded_lines": []}}}, "app/tasks/__init__.py": {"executed_lines": [], "summary": {"covered_lines": 0, "num_statements": 3, "percent_covered": 0.0, "percent_covered_display": "0", "missing_lines": 3, "excluded_lines": 0, "percent_statements_covered": 0.0, "percent_statements_covered_display": "0"}, "missing_lines": [1, 2, 3], "excluded_lines": [], "functions": {"": {"executed_lines": [], "summary": {"covered_lines": 0, "num_statements": 3, "percent_covered": 0.0, "percent_covered_display": "0", "missing_lines": 3, "excluded_lines": 0, "percent_statements_covered": 0.0, "percent_statements_covered_display": "0"}, "missing_lines": [1, 2, 3], "excluded_lines": []}}, "classes": {"": {"executed_lines": [], "summary": {"covered_lines": 0, "num_statements": 3, "percent_covered": 0.0, "percent_covered_display": "0", "missing_lines": 3, "excluded_lines": 0, "percent_statements_covered": 0.0, "percent_statements_covered_display": "0"}, "missing_lines": [1, 2, 3], "excluded_lines": []}}}, "app/tasks/celery_app.py": {"executed_lines": [], "summary": {"covered_lines": 0, "num_statements": 10, "percent_covered": 0.0, "percent_covered_display": "0", "missing_lines": 10, "excluded_lines": 0, "percent_statements_covered": 0.0, "percent_statements_covered_display": "0"}, "missing_lines": [1, 2, 3, 5, 6, 7, 9, 11, 13, 21], "excluded_lines": [], "functions": {"": {"executed_lines": [], "summary": {"covered_lines": 0, "num_statements": 10, "percent_covered": 0.0, "percent_covered_display": "0", "missing_lines": 10, "excluded_lines": 0, "percent_statements_covered": 0.0, "percent_statements_covered_display": "0"}, "missing_lines": [1, 2, 3, 5, 6, 7, 9, 11, 13, 21], "excluded_lines": []}}, "classes": {"": {"executed_lines": [], "summary": {"covered_lines": 0, "num_statements": 10, "percent_covered": 0.0, "percent_covered_display": "0", "missing_lines": 10, "excluded_lines": 0, "percent_statements_covered": 0.0, "percent_statements_covered_display": "0"}, "missing_lines": [1, 2, 3, 5, 6, 7, 9, 11, 13, 21], "excluded_lines": []}}}, "app/tasks/example_tasks.py": {"executed_lines": [], "summary": {"covered_lines": 0, "num_statements": 11, "percent_covered": 0.0, "percent_covered_display": "0", "missing_lines": 11, "excluded_lines": 0, "percent_statements_covered": 0.0, "percent_statements_covered_display": "0"}, "missing_lines": [1, 2, 4, 6, 7, 8, 9, 11, 12, 13, 14], "excluded_lines": [], "functions": {"add": {"executed_lines": [], "summary": {"covered_lines": 0, "num_statements": 2, "percent_covered": 0.0, "percent_covered_display": "0", "missing_lines": 2, "excluded_lines": 0, "percent_statements_covered": 0.0, "percent_statements_covered_display": "0"}, "missing_lines": [8, 9], "excluded_lines": []}, "process_data": {"executed_lines": [], "summary": {"covered_lines": 0, "num_statements": 2, "percent_covered": 0.0, "percent_covered_display": "0", "missing_lines": 2, "excluded_lines": 0, "percent_statements_covered": 0.0, "percent_statements_covered_display": "0"}, "missing_lines": [13, 14], "excluded_lines": []}, "": {"executed_lines": [], "summary": {"covered_lines": 0, "num_statements": 7, "percent_covered": 0.0, "percent_covered_display": "0", "missing_lines": 7, "excluded_lines": 0, "percent_statements_covered": 0.0, "percent_statements_covered_display": "0"}, "missing_lines": [1, 2, 4, 6, 7, 11, 12], "excluded_lines": []}}, "classes": {"": {"executed_lines": [], "summary": {"covered_lines": 0, "num_statements": 11, "percent_covered": 0.0, "percent_covered_display": "0", "missing_lines": 11, "excluded_lines": 0, "percent_statements_covered": 0.0, "percent_statements_covered_display": "0"}, "missing_lines": [1, 2, 4, 6, 7, 8, 9, 11, 12, 13, 14], "excluded_lines": []}}}, "app/tasks/periodic_tasks.py": {"executed_lines": [], "summary": {"covered_lines": 0, "num_statements": 16, "percent_covered": 0.0, "percent_covered_display": "0", "missing_lines": 16, "excluded_lines": 0, "percent_statements_covered": 0.0, "percent_statements_covered_display": "0"}, "missing_lines": [1, 2, 3, 5, 7, 8, 9, 10, 12, 13, 14, 15, 17, 18, 19, 20], "excluded_lines": [], "functions": {"periodic_health_check": {"executed_lines": [], "summary": {"covered_lines": 0, "num_statements": 2, "percent_covered": 0.0, "percent_covered_display": "0", "missing_lines": 2, "excluded_lines": 0, "percent_statements_covered": 0.0, "percent_statements_covered_display": "0"}, "missing_lines": [9, 10], "excluded_lines": []}, "cleanup_old_tasks": {"executed_lines": [], "summary": {"covered_lines": 0, "num_statements": 2, "percent_covered": 0.0, "percent_covered_display": "0", "missing_lines": 2, "excluded_lines": 0, "percent_statements_covered": 0.0, "percent_statements_covered_display": "0"}, "missing_lines": [14, 15], "excluded_lines": []}, "generate_daily_report": {"executed_lines": [], "summary": {"covered_lines": 0, "num_statements": 2, "percent_covered": 0.0, "percent_covered_display": "0", "missing_lines": 2, "excluded_lines": 0, "percent_statements_covered": 0.0, "percent_statements_covered_display": "0"}, "missing_lines": [19, 20], "excluded_lines": []}, "": {"executed_lines": [], "summary": {"covered_lines": 0, "num_statements": 10, "percent_covered": 0.0, "percent_covered_display": "0", "missing_lines": 10, "excluded_lines": 0, "percent_statements_covered": 0.0, "percent_statements_covered_display": "0"}, "missing_lines": [1, 2, 3, 5, 7, 8, 12, 13, 17, 18], "excluded_lines": []}}, "classes": {"": {"executed_lines": [], "summary": {"covered_lines": 0, "num_statements": 16, "percent_covered": 0.0, "percent_covered_display": "0", "missing_lines": 16, "excluded_lines": 0, "percent_statements_covered": 0.0, "percent_statements_covered_display": "0"}, "missing_lines": [1, 2, 3, 5, 7, 8, 9, 10, 12, 13, 14, 15, 17, 18, 19, 20], "excluded_lines": []}}}}, "totals": {"covered_lines": 627, "num_statements": 1134, "percent_covered": 55.29100529100529, "percent_covered_display": "55", "missing_lines": 507, "excluded_lines": 1, "percent_statements_covered": 55.29100529100529, "percent_statements_covered_display": "55"}}